<?xml version="1.0" encoding="UTF-8"?>
<!-- Generated by org.testng.reporters.JUnitReportReporter -->
<testsuite skipped="0" hostname="LAPTOP-I3V0BKGE" name="tests.SampleTestNG" tests="1" failures="0" timestamp="19 Oct 2019 07:28:55 GMT" time="0.011" errors="0">
  <testcase name="sampleTests" time="0.011" classname="tests.SampleTestNG"/>
</testsuite> <!-- tests.SampleTestNG -->
