<?xml version="1.0" encoding="UTF-8"?>
<!-- Generated by org.testng.reporters.JUnitReportReporter -->
<testsuite skipped="0" hostname="LAPTOP-I3V0BKGE" name="tests.SampleTestNG" tests="1" failures="0" timestamp="17 Oct 2019 18:44:33 GMT" time="0.013" errors="0">
  <testcase name="sampleTests" time="0.013" classname="tests.SampleTestNG"/>
</testsuite> <!-- tests.SampleTestNG -->
